<?xml version="1.0" encoding="UTF-8"?><testsuite errors="0" failures="1" name="Flight reserve" skipped="0" tests="1" time="54.07" timestamp="2019-10-31 02:08:42"><testcase name="Successful search for a flight from the main Despegar website"><failure message="Expected enabled element was not enabled" type="net.thucydides.core.webdriver.exceptions.ElementShouldBeEnabledException">Expected enabled element was not enabled</failure><system-err>Expected enabled element was not enabled&#13;
co.com.accenture.certification.despegarproject.tasks.SetAsideFlight.performAs(SetAsideFlight.java:14)&#13;
co.com.accenture.certification.despegarproject.stepdefinitions.FlightReserveStepDefinition.theActorSelectTheFlight(FlightReserveStepDefinition.java:52)&#13;
cucumber.runner.Runner.runPickle(Runner.java:80)&#13;
org.eclipse.jdt.internal.junit4.runner.JUnit4TestReference.run(JUnit4TestReference.java:89)&#13;
org.eclipse.jdt.internal.junit.runner.TestExecution.run(TestExecution.java:41)&#13;
org.eclipse.jdt.internal.junit.runner.RemoteTestRunner.runTests(RemoteTestRunner.java:541)&#13;
org.eclipse.jdt.internal.junit.runner.RemoteTestRunner.runTests(RemoteTestRunner.java:763)&#13;
org.eclipse.jdt.internal.junit.runner.RemoteTestRunner.run(RemoteTestRunner.java:463)&#13;
org.eclipse.jdt.internal.junit.runner.RemoteTestRunner.main(RemoteTestRunner.java:209)&#13;
</system-err></testcase></testsuite>